Arguments: 
  C:\Program Files\nodejs\node.exe C:\Users\SUBEH\AppData\Roaming\npm\node_modules\yarn\bin\yarn.js add jquery.waypoints@lastest

PATH: 
  C:\Python310\Scripts\;C:\Python310\;C:\Windows\system32;C:\Windows;C:\Windows\System32\Wbem;C:\Windows\System32\WindowsPowerShell\v1.0\;C:\Windows\System32\OpenSSH\;C:\Program Files (x86)\NVIDIA Corporation\PhysX\Common;C:\Program Files\Microsoft SQL Server\150\Tools\Binn\;C:\Program Files\Microsoft SQL Server\Client SDK\ODBC\170\Tools\Binn\;C:\Program Files (x86)\Microsoft SQL Server\150\Tools\Binn\;C:\Program Files\Microsoft SQL Server\150\DTS\Binn\;C:\Program Files (x86)\Microsoft SQL Server\150\DTS\Binn\;C:\Program Files\Azure Data Studio\bin;C:\Program Files\dotnet\;C:\ProgramData\chocolatey\bin;C:\Program Files\Git\cmd;C:\Program Files\nodejs\;C:\Program Files\GitHub CLI\;C:\Users\SUBEH\AppData\Local\Programs\Python\Python311\Scripts\;C:\Users\SUBEH\AppData\Local\Programs\Python\Python311\;C:\Users\SUBEH\AppData\Local\Microsoft\WindowsApps;C:\Program Files\Azure Data Studio\bin;C:\Users\SUBEH\AppData\Local\Programs\Microsoft VS Code\bin;C:\tools\dart-sdk\bin;C:\tools\flutter\bin;C:\Users\SUBEH\AppData\Local\GitHubDesktop\bin;C:\Users\SUBEH\.dotnet\tools;C:\Users\SUBEH\AppData\Roaming\npm;C:\Program Files\JetBrains\WebStorm 2022.1.4\bin;

Yarn version: 
  1.22.19

Node version: 
  19.2.0

Platform: 
  win32 x64

Trace: 
  Error: https://registry.yarnpkg.com/jquery.waypoints: Not found
      at params.callback [as _callback] (C:\Users\SUBEH\AppData\Roaming\npm\node_modules\yarn\lib\cli.js:66145:18)
      at self.callback (C:\Users\SUBEH\AppData\Roaming\npm\node_modules\yarn\lib\cli.js:140890:22)
      at Request.emit (node:events:513:28)
      at Request.<anonymous> (C:\Users\SUBEH\AppData\Roaming\npm\node_modules\yarn\lib\cli.js:141862:10)
      at Request.emit (node:events:513:28)
      at IncomingMessage.<anonymous> (C:\Users\SUBEH\AppData\Roaming\npm\node_modules\yarn\lib\cli.js:141784:12)
      at Object.onceWrapper (node:events:627:28)
      at IncomingMessage.emit (node:events:525:35)
      at endReadableNT (node:internal/streams/readable:1359:12)
      at process.processTicksAndRejections (node:internal/process/task_queues:82:21)

npm manifest: 
  {
    "dependencies": {
      "bootstrap-icons": "^1.10.3",
      "dropzone": "^6.0.0-beta.2",
      "jquery.counterup": "^2.1.0"
    }
  }

yarn manifest: 
  No manifest

Lockfile: 
  # THIS IS AN AUTOGENERATED FILE. DO NOT EDIT THIS FILE DIRECTLY.
  # yarn lockfile v1
  
  
  "@swc/helpers@^0.2.13":
    version "0.2.14"
    resolved "https://registry.yarnpkg.com/@swc/helpers/-/helpers-0.2.14.tgz#20288c3627442339dd3d743c944f7043ee3590f0"
    integrity sha512-wpCQMhf5p5GhNg2MmGKXzUNwxe7zRiCsmqYsamez2beP7mKPCSiu+BjZcdN95yYSzO857kr0VfQewmGpS77nqA==
  
  bootstrap-icons@^1.10.3:
    version "1.10.5"
    resolved "https://registry.yarnpkg.com/bootstrap-icons/-/bootstrap-icons-1.10.5.tgz#5a1bbb1bb2212397d416587db1d422cc9501847c"
    integrity sha512-oSX26F37V7QV7NCE53PPEL45d7EGXmBgHG3pDpZvcRaKVzWMqIRL9wcqJUyEha1esFtM3NJzvmxFXDxjJYD0jQ==
  
  dropzone@^6.0.0-beta.2:
    version "6.0.0-beta.2"
    resolved "https://registry.yarnpkg.com/dropzone/-/dropzone-6.0.0-beta.2.tgz#098be8fa84bdc08674cf0b74f4c889e2679083d6"
    integrity sha512-k44yLuFFhRk53M8zP71FaaNzJYIzr99SKmpbO/oZKNslDjNXQsBTdfLs+iONd0U0L94zzlFzRnFdqbLcs7h9fQ==
    dependencies:
      "@swc/helpers" "^0.2.13"
      just-extend "^5.0.0"
  
  jquery.counterup@^2.1.0:
    version "2.1.0"
    resolved "https://registry.yarnpkg.com/jquery.counterup/-/jquery.counterup-2.1.0.tgz#96665d01460322d6d2320fa9dde3013cc7d12f60"
    integrity sha512-4fRlC7a6IvcUu0ADhTbgfjGJeTZ3JOVUaTx1lAUree4epnhVJPS9VIN6Y9FLj2k7i7n8c6PPzjNcZXWX0wNojg==
    dependencies:
      jquery ">=1.5.0"
      waypoints ">=3.0"
  
  jquery@>=1.5.0:
    version "3.6.4"
    resolved "https://registry.yarnpkg.com/jquery/-/jquery-3.6.4.tgz#ba065c188142100be4833699852bf7c24dc0252f"
    integrity sha512-v28EW9DWDFpzcD9O5iyJXg3R3+q+mET5JhnjJzQUZMHOv67bpSIHq81GEYpPNZHG+XXHsfSme3nxp/hndKEcsQ==
  
  just-extend@^5.0.0:
    version "5.1.1"
    resolved "https://registry.yarnpkg.com/just-extend/-/just-extend-5.1.1.tgz#4f33b1fc719964f816df55acc905776694b713ab"
    integrity sha512-b+z6yF1d4EOyDgylzQo5IminlUmzSeqR1hs/bzjBNjuGras4FXq/6TrzjxfN0j+TmI0ltJzTNlqXUMCniciwKQ==
  
  waypoints@>=3.0:
    version "4.0.1"
    resolved "https://registry.yarnpkg.com/waypoints/-/waypoints-4.0.1.tgz#09979a0573810b29627cba4366a284a062ec69c8"
    integrity sha512-PbydbsTvCFYoE1DaRAKBM4xPQi+7ULcULZ7vK79NLM55da5g46oyY62Xv9X5Z9F7O/qXmcS/XJ7Ae2pYij4bpw==
